<?xml version="1.0" encoding="UTF-8"?>
<testng-results skipped="3" failed="0" total="4" passed="1">
  <reporter-output>
  </reporter-output>
  <suite name="SuiteName" duration-ms="25220" started-at="2017-02-22T04:42:41Z" finished-at="2017-02-22T04:43:06Z">
    <groups>
    </groups>
    <test name="Change Password Test" duration-ms="380" started-at="2017-02-22T04:42:41Z" finished-at="2017-02-22T04:42:41Z">
      <class name="com.qtpselenium.facebook.pom.testcases.ChangePasswordTest">
        <test-method status="SKIP" signature="changePasswordTest(java.util.Hashtable)[pri:0, instance:com.qtpselenium.facebook.pom.testcases.ChangePasswordTest@27ca20]" name="changePasswordTest" duration-ms="9" started-at="2017-02-22T10:12:41Z" data-provider="getData" finished-at="2017-02-22T10:12:41Z">
          <params>
            <param index="0">
              <value>
                <![CDATA[{NewPassword=Steven@abc, Username=Steven.mexwell, OldPassword=Steven@123, ExpectedResult=Success, Runmode=Y, Browser=Mozilla}]]>
              </value>
            </param>
          </params>
          <exception class="org.testng.SkipException">
            <message>
              <![CDATA[Skipping the test as runmode is N]]>
            </message>
            <full-stacktrace>
              <![CDATA[org.testng.SkipException: Skipping the test as runmode is N
	at com.qtpselenium.facebook.pom.testcases.ChangePasswordTest.changePasswordTest(ChangePasswordTest.java:30)
	at sun.reflect.NativeMethodAccessorImpl.invoke0(Native Method)
	at sun.reflect.NativeMethodAccessorImpl.invoke(NativeMethodAccessorImpl.java:57)
	at sun.reflect.DelegatingMethodAccessorImpl.invoke(DelegatingMethodAccessorImpl.java:43)
	at java.lang.reflect.Method.invoke(Method.java:606)
	at org.testng.internal.MethodInvocationHelper.invokeMethod(MethodInvocationHelper.java:85)
	at org.testng.internal.Invoker.invokeMethod(Invoker.java:639)
	at org.testng.internal.Invoker.invokeTestMethod(Invoker.java:816)
	at org.testng.internal.Invoker.invokeTestMethods(Invoker.java:1124)
	at org.testng.internal.TestMethodWorker.invokeTestMethods(TestMethodWorker.java:125)
	at org.testng.internal.TestMethodWorker.run(TestMethodWorker.java:108)
	at org.testng.TestRunner.privateRun(TestRunner.java:774)
	at org.testng.TestRunner.run(TestRunner.java:624)
	at org.testng.SuiteRunner.runTest(SuiteRunner.java:359)
	at org.testng.SuiteRunner.access$000(SuiteRunner.java:39)
	at org.testng.SuiteRunner$SuiteWorker.run(SuiteRunner.java:393)
	at org.testng.internal.thread.ThreadUtil$2.call(ThreadUtil.java:64)
	at java.util.concurrent.FutureTask.run(FutureTask.java:262)
	at java.util.concurrent.ThreadPoolExecutor.runWorker(ThreadPoolExecutor.java:1145)
	at java.util.concurrent.ThreadPoolExecutor$Worker.run(ThreadPoolExecutor.java:615)
	at java.lang.Thread.run(Thread.java:745)
]]>
            </full-stacktrace>
          </exception> <!-- org.testng.SkipException -->
          <reporter-output>
          </reporter-output>
        </test-method> <!-- changePasswordTest -->
        <test-method status="PASS" signature="quit()[pri:0, instance:com.qtpselenium.facebook.pom.testcases.ChangePasswordTest@27ca20]" name="quit" is-config="true" duration-ms="350" started-at="2017-02-22T10:12:41Z" finished-at="2017-02-22T10:12:41Z">
          <reporter-output>
          </reporter-output>
        </test-method> <!-- quit -->
      </class> <!-- com.qtpselenium.facebook.pom.testcases.ChangePasswordTest -->
    </test> <!-- Change Password Test -->
    <test name="Login Test" duration-ms="542" started-at="2017-02-22T04:42:41Z" finished-at="2017-02-22T04:42:41Z">
      <class name="com.qtpselenium.facebook.pom.testcases.LoginTest">
        <test-method status="SKIP" signature="doLogin(java.util.Hashtable)[pri:0, instance:com.qtpselenium.facebook.pom.testcases.LoginTest@1d2fbb5]" name="doLogin" duration-ms="27" started-at="2017-02-22T10:12:41Z" data-provider="getData" finished-at="2017-02-22T10:12:41Z">
          <params>
            <param index="0">
              <value>
                <![CDATA[{Username=Steven.mexwell, ExpectedResult=Successful, Password=Steven@123, Runmode=Y, Browser=Mozilla}]]>
              </value>
            </param>
          </params>
          <exception class="org.testng.SkipException">
            <message>
              <![CDATA[Skipping the test as runmode is N]]>
            </message>
            <full-stacktrace>
              <![CDATA[org.testng.SkipException: Skipping the test as runmode is N
	at com.qtpselenium.facebook.pom.testcases.LoginTest.doLogin(LoginTest.java:33)
	at sun.reflect.NativeMethodAccessorImpl.invoke0(Native Method)
	at sun.reflect.NativeMethodAccessorImpl.invoke(NativeMethodAccessorImpl.java:57)
	at sun.reflect.DelegatingMethodAccessorImpl.invoke(DelegatingMethodAccessorImpl.java:43)
	at java.lang.reflect.Method.invoke(Method.java:606)
	at org.testng.internal.MethodInvocationHelper.invokeMethod(MethodInvocationHelper.java:85)
	at org.testng.internal.Invoker.invokeMethod(Invoker.java:639)
	at org.testng.internal.Invoker.invokeTestMethod(Invoker.java:816)
	at org.testng.internal.Invoker.invokeTestMethods(Invoker.java:1124)
	at org.testng.internal.TestMethodWorker.invokeTestMethods(TestMethodWorker.java:125)
	at org.testng.internal.TestMethodWorker.run(TestMethodWorker.java:108)
	at org.testng.TestRunner.privateRun(TestRunner.java:774)
	at org.testng.TestRunner.run(TestRunner.java:624)
	at org.testng.SuiteRunner.runTest(SuiteRunner.java:359)
	at org.testng.SuiteRunner.access$000(SuiteRunner.java:39)
	at org.testng.SuiteRunner$SuiteWorker.run(SuiteRunner.java:393)
	at org.testng.internal.thread.ThreadUtil$2.call(ThreadUtil.java:64)
	at java.util.concurrent.FutureTask.run(FutureTask.java:262)
	at java.util.concurrent.ThreadPoolExecutor.runWorker(ThreadPoolExecutor.java:1145)
	at java.util.concurrent.ThreadPoolExecutor$Worker.run(ThreadPoolExecutor.java:615)
	at java.lang.Thread.run(Thread.java:745)
]]>
            </full-stacktrace>
          </exception> <!-- org.testng.SkipException -->
          <reporter-output>
          </reporter-output>
        </test-method> <!-- doLogin -->
        <test-method status="PASS" signature="quit()[pri:0, instance:com.qtpselenium.facebook.pom.testcases.LoginTest@1d2fbb5]" name="quit" is-config="true" duration-ms="391" started-at="2017-02-22T10:12:41Z" finished-at="2017-02-22T10:12:41Z">
          <reporter-output>
          </reporter-output>
        </test-method> <!-- quit -->
        <test-method status="SKIP" signature="doLogin(java.util.Hashtable)[pri:0, instance:com.qtpselenium.facebook.pom.testcases.LoginTest@1d2fbb5]" name="doLogin" duration-ms="1" started-at="2017-02-22T10:12:41Z" data-provider="getData" finished-at="2017-02-22T10:12:41Z">
          <params>
            <param index="0">
              <value>
                <![CDATA[{Username=Steven.mexwell, ExpectedResult=Unsuccessful, Password=xxxxx, Runmode=Y, Browser=Chrome}]]>
              </value>
            </param>
          </params>
          <exception class="org.testng.SkipException">
            <message>
              <![CDATA[Skipping the test as runmode is N]]>
            </message>
            <full-stacktrace>
              <![CDATA[org.testng.SkipException: Skipping the test as runmode is N
	at com.qtpselenium.facebook.pom.testcases.LoginTest.doLogin(LoginTest.java:33)
	at sun.reflect.NativeMethodAccessorImpl.invoke0(Native Method)
	at sun.reflect.NativeMethodAccessorImpl.invoke(NativeMethodAccessorImpl.java:57)
	at sun.reflect.DelegatingMethodAccessorImpl.invoke(DelegatingMethodAccessorImpl.java:43)
	at java.lang.reflect.Method.invoke(Method.java:606)
	at org.testng.internal.MethodInvocationHelper.invokeMethod(MethodInvocationHelper.java:85)
	at org.testng.internal.Invoker.invokeMethod(Invoker.java:639)
	at org.testng.internal.Invoker.invokeTestMethod(Invoker.java:816)
	at org.testng.internal.Invoker.invokeTestMethods(Invoker.java:1124)
	at org.testng.internal.TestMethodWorker.invokeTestMethods(TestMethodWorker.java:125)
	at org.testng.internal.TestMethodWorker.run(TestMethodWorker.java:108)
	at org.testng.TestRunner.privateRun(TestRunner.java:774)
	at org.testng.TestRunner.run(TestRunner.java:624)
	at org.testng.SuiteRunner.runTest(SuiteRunner.java:359)
	at org.testng.SuiteRunner.access$000(SuiteRunner.java:39)
	at org.testng.SuiteRunner$SuiteWorker.run(SuiteRunner.java:393)
	at org.testng.internal.thread.ThreadUtil$2.call(ThreadUtil.java:64)
	at java.util.concurrent.FutureTask.run(FutureTask.java:262)
	at java.util.concurrent.ThreadPoolExecutor.runWorker(ThreadPoolExecutor.java:1145)
	at java.util.concurrent.ThreadPoolExecutor$Worker.run(ThreadPoolExecutor.java:615)
	at java.lang.Thread.run(Thread.java:745)
]]>
            </full-stacktrace>
          </exception> <!-- org.testng.SkipException -->
          <reporter-output>
          </reporter-output>
        </test-method> <!-- doLogin -->
        <test-method status="PASS" signature="quit()[pri:0, instance:com.qtpselenium.facebook.pom.testcases.LoginTest@1d2fbb5]" name="quit" is-config="true" duration-ms="100" started-at="2017-02-22T10:12:41Z" finished-at="2017-02-22T10:12:41Z">
          <reporter-output>
          </reporter-output>
        </test-method> <!-- quit -->
      </class> <!-- com.qtpselenium.facebook.pom.testcases.LoginTest -->
    </test> <!-- Login Test -->
    <test name="Profile Test" duration-ms="25209" started-at="2017-02-22T04:42:41Z" finished-at="2017-02-22T04:43:06Z">
      <class name="com.qtpselenium.facebook.pom.testcases.ProfileTest">
        <test-method status="PASS" signature="testProfile()[pri:0, instance:com.qtpselenium.facebook.pom.testcases.ProfileTest@668de5]" name="testProfile" duration-ms="24555" started-at="2017-02-22T10:12:41Z" finished-at="2017-02-22T10:13:05Z">
          <reporter-output>
          </reporter-output>
        </test-method> <!-- testProfile -->
        <test-method status="PASS" signature="quit()[pri:0, instance:com.qtpselenium.facebook.pom.testcases.ProfileTest@668de5]" name="quit" is-config="true" duration-ms="651" started-at="2017-02-22T10:13:05Z" finished-at="2017-02-22T10:13:06Z">
          <reporter-output>
          </reporter-output>
        </test-method> <!-- quit -->
      </class> <!-- com.qtpselenium.facebook.pom.testcases.ProfileTest -->
    </test> <!-- Profile Test -->
  </suite> <!-- SuiteName -->
</testng-results>
